0 info it worked if it ends with ok
1 verbose cli [ 'node', '/usr/local/bin/npm', 'install', '-g', 'http-server' ]
2 info using npm@2.7.4
3 info using node@v0.12.2
4 silly cache add args [ 'http-server', null ]
5 verbose cache add spec http-server
6 silly cache add parsed spec { raw: 'http-server',
6 silly cache add   scope: null,
6 silly cache add   name: 'http-server',
6 silly cache add   rawSpec: '',
6 silly cache add   spec: '*',
6 silly cache add   type: 'range' }
7 verbose addNamed http-server@*
8 silly addNamed semver.valid null
9 silly addNamed semver.validRange *
10 silly addNameRange { name: 'http-server', range: '*', hasData: false }
11 silly mapToRegistry name http-server
12 silly mapToRegistry using default registry
13 silly mapToRegistry registry https://registry.npmjs.org/
14 silly mapToRegistry uri https://registry.npmjs.org/http-server
15 verbose addNameRange registry:https://registry.npmjs.org/http-server not in flight; fetching
16 verbose request uri https://registry.npmjs.org/http-server
17 verbose request no auth needed
18 info attempt registry request try #1 at 4:34:27 PM
19 verbose request id 50cef376e9a7205a
20 http request GET https://registry.npmjs.org/http-server
21 http 200 https://registry.npmjs.org/http-server
22 silly get cb [ 200,
22 silly get   { date: 'Sat, 25 Apr 2015 23:34:27 GMT',
22 silly get     server: 'CouchDB/1.5.0 (Erlang OTP/R16B03)',
22 silly get     etag: '"6R3KMTCWGDM2FVMQB44EZV6B4"',
22 silly get     'content-type': 'application/json',
22 silly get     'cache-control': 'max-age=60',
22 silly get     'content-length': '44659',
22 silly get     'accept-ranges': 'bytes',
22 silly get     via: '1.1 varnish',
22 silly get     age: '0',
22 silly get     'x-served-by': 'cache-sjc3125-SJC',
22 silly get     'x-cache': 'HIT',
22 silly get     'x-cache-hits': '1',
22 silly get     'x-timer': 'S1430004867.585925,VS0,VE151',
22 silly get     vary: 'Accept',
22 silly get     'keep-alive': 'timeout=10, max=50',
22 silly get     connection: 'Keep-Alive' } ]
23 verbose get saving http-server to /Users/rebex/.npm/registry.npmjs.org/http-server/.cache.json
24 silly addNameRange number 2 { name: 'http-server', range: '*', hasData: true }
25 silly addNameRange versions [ 'http-server',
25 silly addNameRange   [ '0.1.0',
25 silly addNameRange     '0.1.1',
25 silly addNameRange     '0.1.3',
25 silly addNameRange     '0.2.1',
25 silly addNameRange     '0.2.2',
25 silly addNameRange     '0.2.3',
25 silly addNameRange     '0.2.4',
25 silly addNameRange     '0.2.5',
25 silly addNameRange     '0.2.6',
25 silly addNameRange     '0.2.9',
25 silly addNameRange     '0.3.0',
25 silly addNameRange     '0.4.0',
25 silly addNameRange     '0.4.1',
25 silly addNameRange     '0.5.0',
25 silly addNameRange     '0.5.1',
25 silly addNameRange     '0.5.2',
25 silly addNameRange     '0.5.3',
25 silly addNameRange     '0.5.5',
25 silly addNameRange     '0.6.0',
25 silly addNameRange     '0.6.1',
25 silly addNameRange     '0.7.0',
25 silly addNameRange     '0.7.1',
25 silly addNameRange     '0.7.2',
25 silly addNameRange     '0.7.3',
25 silly addNameRange     '0.7.4',
25 silly addNameRange     '0.7.5',
25 silly addNameRange     '0.8.0' ] ]
26 verbose addNamed http-server@0.8.0
27 silly addNamed semver.valid 0.8.0
28 silly addNamed semver.validRange 0.8.0
29 silly mapToRegistry name http-server
30 silly mapToRegistry using default registry
31 silly mapToRegistry registry https://registry.npmjs.org/
32 silly mapToRegistry uri https://registry.npmjs.org/http-server
33 verbose addRemoteTarball https://registry.npmjs.org/http-server/-/http-server-0.8.0.tgz not in flight; adding
34 verbose addRemoteTarball [ 'https://registry.npmjs.org/http-server/-/http-server-0.8.0.tgz',
34 verbose addRemoteTarball   'd4b671781ec6bf9fa6a311cd1df683b0b37b1491' ]
35 info retry fetch attempt 1 at 4:34:27 PM
36 info attempt registry request try #1 at 4:34:27 PM
37 http fetch GET https://registry.npmjs.org/http-server/-/http-server-0.8.0.tgz
38 http fetch 200 https://registry.npmjs.org/http-server/-/http-server-0.8.0.tgz
39 silly fetchAndShaCheck shasum d4b671781ec6bf9fa6a311cd1df683b0b37b1491
40 verbose addTmpTarball /var/folders/82/d0tsq1950j1_pwq2mrc6yf8r0000gn/T/npm-10611-4f43508a/registry.npmjs.org/http-server/-/http-server-0.8.0.tgz not in flight; adding
41 verbose addTmpTarball already have metadata; skipping unpack for http-server@0.8.0
42 silly cache afterAdd http-server@0.8.0
43 verbose afterAdd /Users/rebex/.npm/http-server/0.8.0/package/package.json not in flight; writing
44 verbose afterAdd /Users/rebex/.npm/http-server/0.8.0/package/package.json written
45 silly install resolved [ { name: 'http-server',
45 silly install resolved     version: '0.8.0',
45 silly install resolved     description: 'A simple zero-configuration command-line http server',
45 silly install resolved     main: './lib/http-server',
45 silly install resolved     repository:
45 silly install resolved      { type: 'git',
45 silly install resolved        url: 'git://github.com/indexzero/http-server.git' },
45 silly install resolved     keywords: [ 'cli', 'command' ],
45 silly install resolved     scripts:
45 silly install resolved      { start: 'node ./bin/http-server',
45 silly install resolved        pretest: 'stylezero bin/ lib/ test',
45 silly install resolved        test: 'vows --spec --isolate' },
45 silly install resolved     contributors:
45 silly install resolved      [ [Object],
45 silly install resolved        [Object],
45 silly install resolved        [Object],
45 silly install resolved        [Object],
45 silly install resolved        [Object],
45 silly install resolved        [Object],
45 silly install resolved        [Object],
45 silly install resolved        [Object],
45 silly install resolved        [Object],
45 silly install resolved        [Object] ],
45 silly install resolved     dependencies:
45 silly install resolved      { colors: '1.0.3',
45 silly install resolved        optimist: '0.6.x',
45 silly install resolved        union: '~0.4.3',
45 silly install resolved        ecstatic: '~0.7.0',
45 silly install resolved        'http-proxy': '^1.8.1',
45 silly install resolved        portfinder: '0.4.x',
45 silly install resolved        opener: '~1.4.0',
45 silly install resolved        corser: '~2.0.0' },
45 silly install resolved     devDependencies: { vows: '0.7.x', request: '2.49.x', stylezero: '2.2.0' },
45 silly install resolved     bugs: { url: 'https://github.com/nodeapps/http-server/issues' },
45 silly install resolved     licenses: [ [Object] ],
45 silly install resolved     preferGlobal: 'true',
45 silly install resolved     bin: { 'http-server': './bin/http-server', hs: './bin/http-server' },
45 silly install resolved     gitHead: 'ac38a041c954c863fd695b0f70ba251399856812',
45 silly install resolved     homepage: 'https://github.com/indexzero/http-server',
45 silly install resolved     _id: 'http-server@0.8.0',
45 silly install resolved     _shasum: 'd4b671781ec6bf9fa6a311cd1df683b0b37b1491',
45 silly install resolved     _from: 'http-server@*',
45 silly install resolved     _npmVersion: '2.2.0',
45 silly install resolved     _nodeVersion: '0.10.33',
45 silly install resolved     _npmUser: { name: 'indexzero', email: 'charlie.robbins@gmail.com' },
45 silly install resolved     maintainers: [ [Object] ],
45 silly install resolved     dist:
45 silly install resolved      { shasum: 'd4b671781ec6bf9fa6a311cd1df683b0b37b1491',
45 silly install resolved        tarball: 'http://registry.npmjs.org/http-server/-/http-server-0.8.0.tgz' },
45 silly install resolved     directories: {},
45 silly install resolved     _resolved: 'https://registry.npmjs.org/http-server/-/http-server-0.8.0.tgz' } ]
46 info install http-server@0.8.0 into /usr/local/lib
47 info installOne http-server@0.8.0
48 verbose installOne of http-server to /usr/local/lib not in flight; installing
49 verbose lock using /Users/rebex/.npm/_locks/http-server-ae30c9ae1f4c5eaa.lock for /usr/local/lib/node_modules/http-server
50 silly install write writing http-server 0.8.0 to /usr/local/lib/node_modules/http-server
51 silly cache addNamed cb http-server@0.8.0
52 verbose unbuild lib/node_modules/http-server
53 silly gentlyRm /usr/local/lib/node_modules/http-server is being purged from base /usr/local
54 verbose gentlyRm don't care about contents; nuking /usr/local/lib/node_modules/http-server
55 verbose tar unpack /Users/rebex/.npm/http-server/0.8.0/package.tgz
56 verbose tar unpacking to /usr/local/lib/node_modules/http-server
57 silly gentlyRm /usr/local/lib/node_modules/http-server is being purged
58 verbose gentlyRm don't care about contents; nuking /usr/local/lib/node_modules/http-server
59 silly gunzTarPerm modes [ '755', '644' ]
60 error tar.unpack untar error /Users/rebex/.npm/http-server/0.8.0/package.tgz
61 verbose unlock done using /Users/rebex/.npm/_locks/http-server-ae30c9ae1f4c5eaa.lock for /usr/local/lib/node_modules/http-server
62 verbose fstream_path /usr/local/lib/node_modules/http-server
63 verbose fstream_type Directory
64 verbose fstream_class DirWriter
65 verbose stack Error: EACCES, mkdir '/usr/local/lib/node_modules/http-server'
65 verbose stack     at Error (native)
66 verbose fstream_stack /usr/local/lib/node_modules/npm/node_modules/fstream/lib/dir-writer.js:36:23
66 verbose fstream_stack /usr/local/lib/node_modules/npm/node_modules/mkdirp/index.js:46:53
66 verbose fstream_stack FSReqWrap.oncomplete (fs.js:95:15)
67 verbose cwd /Users/rebex/Documents/Website/explorablePhysics
68 error Darwin 14.3.0
69 error argv "node" "/usr/local/bin/npm" "install" "-g" "http-server"
70 error node v0.12.2
71 error npm  v2.7.4
72 error path /usr/local/lib/node_modules/http-server
73 error code EACCES
74 error errno -13
75 error Error: EACCES, mkdir '/usr/local/lib/node_modules/http-server'
75 error     at Error (native)
75 error  { [Error: EACCES, mkdir '/usr/local/lib/node_modules/http-server']
75 error   errno: -13,
75 error   code: 'EACCES',
75 error   path: '/usr/local/lib/node_modules/http-server',
75 error   fstream_type: 'Directory',
75 error   fstream_path: '/usr/local/lib/node_modules/http-server',
75 error   fstream_class: 'DirWriter',
75 error   fstream_stack:
75 error    [ '/usr/local/lib/node_modules/npm/node_modules/fstream/lib/dir-writer.js:36:23',
75 error      '/usr/local/lib/node_modules/npm/node_modules/mkdirp/index.js:46:53',
75 error      'FSReqWrap.oncomplete (fs.js:95:15)' ] }
76 error Please try running this command again as root/Administrator.
77 verbose exit [ -13, true ]
78 verbose unbuild lib/node_modules/http-server
79 silly gentlyRm /usr/local/lib/node_modules/http-server is being purged from base /usr/local
80 verbose gentlyRm don't care about contents; nuking /usr/local/lib/node_modules/http-server
